Pixel Escape 2D/Library/Bee/Android/Prj/IL2CPP/Gradle/unityLibrary/build/intermediates/manifest_merge_blame_file/release/manifest-merger-blame-release-report.txt
1<?xml version="1.0" encoding="utf-8"?>
2<manifest xmlns:android="http://schemas.android.com/apk/res/android"
3    xmlns:tools="http://schemas.android.com/tools"
4    package="com.unity3d.player" >
5
6    <uses-sdk
7        android:minSdkVersion="22"
7-->src\main\AndroidManifest.xml
8        android:targetSdkVersion="33" />
8-->src\main\AndroidManifest.xml
9
10    <uses-feature android:glEsVersion="0x00030000" />
10-->src\main\AndroidManifest.xml:3:3-52
10-->src\main\AndroidManifest.xml:3:17-49
11    <uses-feature
11-->src\main\AndroidManifest.xml:4:3-91
12        android:name="android.hardware.vulkan.version"
12-->src\main\AndroidManifest.xml:4:17-63
13        android:required="false" />
13-->src\main\AndroidManifest.xml:4:64-88
14    <uses-feature
14-->src\main\AndroidManifest.xml:5:3-88
15        android:name="android.hardware.touchscreen"
15-->src\main\AndroidManifest.xml:5:17-60
16        android:required="false" />
16-->src\main\AndroidManifest.xml:5:61-85
17    <uses-feature
17-->src\main\AndroidManifest.xml:6:3-99
18        android:name="android.hardware.touchscreen.multitouch"
18-->src\main\AndroidManifest.xml:6:17-71
19        android:required="false" />
19-->src\main\AndroidManifest.xml:6:72-96
20    <uses-feature
20-->src\main\AndroidManifest.xml:7:3-108
21        android:name="android.hardware.touchscreen.multitouch.distinct"
21-->src\main\AndroidManifest.xml:7:17-80
22        android:required="false" />
22-->src\main\AndroidManifest.xml:7:81-105
23
24    <application android:extractNativeLibs="true" >
24-->src\main\AndroidManifest.xml:8:3-20:17
24-->src\main\AndroidManifest.xml:8:16-48
25        <meta-data
25-->src\main\AndroidManifest.xml:9:5-69
26            android:name="unity.splash-mode"
26-->src\main\AndroidManifest.xml:9:16-48
27            android:value="0" />
27-->src\main\AndroidManifest.xml:9:49-66
28        <meta-data
28-->src\main\AndroidManifest.xml:10:5-74
29            android:name="unity.splash-enable"
29-->src\main\AndroidManifest.xml:10:16-50
30            android:value="True" />
30-->src\main\AndroidManifest.xml:10:51-71
31        <meta-data
31-->src\main\AndroidManifest.xml:11:5-78
32            android:name="unity.launch-fullscreen"
32-->src\main\AndroidManifest.xml:11:16-54
33            android:value="True" />
33-->src\main\AndroidManifest.xml:11:55-75
34        <meta-data
34-->src\main\AndroidManifest.xml:12:5-84
35            android:name="unity.auto-report-fully-drawn"
35-->src\main\AndroidManifest.xml:12:16-60
36            android:value="true" />
36-->src\main\AndroidManifest.xml:12:61-81
37
38        <activity
38-->src\main\AndroidManifest.xml:13:5-19:16
39            android:name="com.unity3d.player.UnityPlayerActivity"
39-->src\main\AndroidManifest.xml:13:15-68
40            android:configChanges="mcc|mnc|locale|touchscreen|keyboard|keyboardHidden|navigation|orientation|screenLayout|uiMode|screenSize|smallestScreenSize|fontScale|layoutDirection|density"
40-->src\main\AndroidManifest.xml:13:184-365
41            android:exported="true"
41-->src\main\AndroidManifest.xml:13:437-460
42            android:hardwareAccelerated="false"
42-->src\main\AndroidManifest.xml:13:401-436
43            android:launchMode="singleTask"
43-->src\main\AndroidManifest.xml:13:152-183
44            android:resizeableActivity="false"
44-->src\main\AndroidManifest.xml:13:366-400
45            android:screenOrientation="userPortrait"
45-->src\main\AndroidManifest.xml:13:111-151
46            android:theme="@style/UnityThemeSelector" >
46-->src\main\AndroidManifest.xml:13:69-110
47            <intent-filter>
47-->src\main\AndroidManifest.xml:14:7-17:23
48                <category android:name="android.intent.category.LAUNCHER" />
48-->src\main\AndroidManifest.xml:15:9-69
48-->src\main\AndroidManifest.xml:15:19-66
49
50                <action android:name="android.intent.action.MAIN" />
50-->src\main\AndroidManifest.xml:16:9-61
50-->src\main\AndroidManifest.xml:16:17-58
51            </intent-filter>
52
53            <meta-data
53-->src\main\AndroidManifest.xml:18:7-82
54                android:name="unityplayer.UnityActivity"
54-->src\main\AndroidManifest.xml:18:18-58
55                android:value="true" />
55-->src\main\AndroidManifest.xml:18:59-79
56        </activity>
57    </application>
58
59</manifest>